app/build/outputs/logs/manifest-merger-debug-report.txt
-- Merging decision tree log ---
manifest
ADDED from MyAndroidNative/app/AndroidManifest.xml:3:1-38:12
	package
		ADDED from MyAndroidNative/app/AndroidManifest.xml:4:2-31
	android:versionName
		ADDED from MyAndroidNative/app/AndroidManifest.xml:6:2-27
		INJECTED from MyAndroidNative/app/AndroidManifest.xml
		INJECTED from MyAndroidNative/app/AndroidManifest.xml
	android:versionCode
		ADDED from MyAndroidNative/app/AndroidManifest.xml:5:2-25
		INJECTED from MyAndroidNative/app/AndroidManifest.xml
		INJECTED from MyAndroidNative/app/AndroidManifest.xml
	xmlns:android
		ADDED from MyAndroidNative/app/AndroidManifest.xml:3:11-69
	android:installLocation
		ADDED from MyAndroidNative/app/AndroidManifest.xml:7:2-40
application
ADDED from MyAndroidNative/app/AndroidManifest.xml:9:2-23:16
MERGED from [MyAndroidNative.libs:SmartSync:unspecified] AndroidManifest.xml:11:5-20
MERGED from [MyAndroidNative.libs:SmartStore:unspecified] AndroidManifest.xml:11:5-15:19
MERGED from [MyAndroidNative.libs:SalesforceSDK:unspecified] AndroidManifest.xml:21:5-115:19
MERGED from [MyAndroidNative.libs:SalesforceAnalytics:unspecified] AndroidManifest.xml:14:5-20
MERGED from [com.google.android.gms:play-services-gcm:10.2.0] AndroidManifest.xml:23:5-19
MERGED from [com.google.android.gms:play-services-iid:10.2.0] AndroidManifest.xml:23:5-19
MERGED from [com.google.android.gms:play-services-base:10.2.0] AndroidManifest.xml:18:5-20:19
MERGED from [com.google.android.gms:play-services-tasks:10.2.0] AndroidManifest.xml:4:5-19
MERGED from [com.google.android.gms:play-services-basement:10.2.0] AndroidManifest.xml:19:5-21:19
MERGED from [com.android.support:support-v4:24.0.0] AndroidManifest.xml:25:5-20
	android:label
		ADDED from MyAndroidNative/app/AndroidManifest.xml:10:6-38
	android:manageSpaceActivity
		ADDED from MyAndroidNative/app/AndroidManifest.xml:12:3-81
	android:icon
		ADDED from MyAndroidNative/app/AndroidManifest.xml:9:15-48
	android:name
		ADDED from MyAndroidNative/app/AndroidManifest.xml:11:3-34
activity#com.mycompany.myapp.MainActivity
ADDED from MyAndroidNative/app/AndroidManifest.xml:15:3-22:14
	android:label
		ADDED from MyAndroidNative/app/AndroidManifest.xml:16:7-39
	android:theme
		ADDED from MyAndroidNative/app/AndroidManifest.xml:17:4-62
	android:name
		ADDED from MyAndroidNative/app/AndroidManifest.xml:15:13-41
intent-filter#android.intent.action.MAIN+android.intent.category.LAUNCHER
ADDED from MyAndroidNative/app/AndroidManifest.xml:18:4-21:20
action#android.intent.action.MAIN
ADDED from MyAndroidNative/app/AndroidManifest.xml:19:5-57
	android:name
		ADDED from MyAndroidNative/app/AndroidManifest.xml:19:13-54
category#android.intent.category.LAUNCHER
ADDED from MyAndroidNative/app/AndroidManifest.xml:20:5-65
	android:name
		ADDED from MyAndroidNative/app/AndroidManifest.xml:20:15-62
uses-sdk
ADDED from MyAndroidNative/app/AndroidManifest.xml:25:5-26:41
MERGED from [MyAndroidNative.libs:SmartSync:unspecified] AndroidManifest.xml:7:5-9:41
MERGED from [MyAndroidNative.libs:SmartStore:unspecified] AndroidManifest.xml:7:5-9:41
MERGED from [MyAndroidNative.libs:SalesforceSDK:unspecified] AndroidManifest.xml:7:5-9:41
MERGED from [MyAndroidNative.libs:SalesforceAnalytics:unspecified] AndroidManifest.xml:7:5-9:41
MERGED from [com.google.android.gms:play-services-gcm:10.2.0] AndroidManifest.xml:17:5-43
MERGED from [com.google.android.gms:play-services-iid:10.2.0] AndroidManifest.xml:17:5-43
MERGED from [com.google.android.gms:play-services-base:10.2.0] AndroidManifest.xml:17:5-43
MERGED from [com.google.android.gms:play-services-tasks:10.2.0] AndroidManifest.xml:3:5-43
MERGED from [com.google.android.gms:play-services-basement:10.2.0] AndroidManifest.xml:17:5-43
MERGED from [com.android.support:support-v4:24.0.0] AndroidManifest.xml:21:5-23:54
MERGED from [net.zetetic:android-database-sqlcipher:3.5.7] AndroidManifest.xml:3:3-40
	tools:overrideLibrary
		ADDED from [com.android.support:support-v4:24.0.0] AndroidManifest.xml:23:9-51
	android:targetSdkVersion
		ADDED from MyAndroidNative/app/AndroidManifest.xml:26:9-38
	android:minSdkVersion
		ADDED from MyAndroidNative/app/AndroidManifest.xml:25:15-41
permission#com.mycompany.myapp.C2D_MESSAGE
ADDED from MyAndroidNative/app/AndroidManifest.xml:33:5-34:47
	android:protectionLevel
		ADDED from MyAndroidNative/app/AndroidManifest.xml:34:9-44
	android:name
		ADDED from MyAndroidNative/app/AndroidManifest.xml:33:17-63
uses-permission#com.mycompany.myapp.C2D_MESSAGE
ADDED from MyAndroidNative/app/AndroidManifest.xml:36:5-71
	android:name
		ADDED from MyAndroidNative/app/AndroidManifest.xml:36:22-68
uses-permission#android.permission.INTERNET
ADDED from MyAndroidNative/app/AndroidManifest.xml:37:2-64
MERGED from [MyAndroidNative.libs:SalesforceAnalytics:unspecified] AndroidManifest.xml:11:5-67
MERGED from [com.google.android.gms:play-services-gcm:10.2.0] AndroidManifest.xml:21:5-66
MERGED from [com.google.android.gms:play-services-iid:10.2.0] AndroidManifest.xml:21:5-66
	android:name
		ADDED from MyAndroidNative/app/AndroidManifest.xml:37:19-61
activity#com.salesforce.androidsdk.smartstore.ui.SmartStoreInspectorActivity
ADDED from [MyAndroidNative.libs:SmartStore:unspecified] AndroidManifest.xml:14:9-104
	android:name
		ADDED from [MyAndroidNative.libs:SmartStore:unspecified] AndroidManifest.xml:14:19-101
uses-permission#android.permission.AUTHENTICATE_ACCOUNTS
ADDED from [MyAndroidNative.libs:SalesforceSDK:unspecified] AndroidManifest.xml:11:5-80
	android:name
		ADDED from [MyAndroidNative.libs:SalesforceSDK:unspecified] AndroidManifest.xml:11:22-77
uses-permission#android.permission.GET_ACCOUNTS
ADDED from [MyAndroidNative.libs:SalesforceSDK:unspecified] AndroidManifest.xml:12:5-71
	android:name
		ADDED from [MyAndroidNative.libs:SalesforceSDK:unspecified] AndroidManifest.xml:12:22-68
uses-permission#android.permission.MANAGE_ACCOUNTS
ADDED from [MyAndroidNative.libs:SalesforceSDK:unspecified] AndroidManifest.xml:13:5-74
	android:name
		ADDED from [MyAndroidNative.libs:SalesforceSDK:unspecified] AndroidManifest.xml:13:22-71
uses-permission#android.permission.USE_CREDENTIALS
ADDED from [MyAndroidNative.libs:SalesforceSDK:unspecified] AndroidManifest.xml:14:5-74
	android:name
		ADDED from [MyAndroidNative.libs:SalesforceSDK:unspecified] AndroidManifest.xml:14:22-71
uses-permission#android.permission.WAKE_LOCK
ADDED from [MyAndroidNative.libs:SalesforceSDK:unspecified] AndroidManifest.xml:15:5-68
	android:name
		ADDED from [MyAndroidNative.libs:SalesforceSDK:unspecified] AndroidManifest.xml:15:22-65
uses-permission#com.google.android.c2dm.permission.RECEIVE
ADDED from [MyAndroidNative.libs:SalesforceSDK:unspecified] AndroidManifest.xml:16:5-82
MERGED from [com.google.android.gms:play-services-gcm:10.2.0] AndroidManifest.xml:20:5-81
MERGED from [com.google.android.gms:play-services-iid:10.2.0] AndroidManifest.xml:20:5-81
	android:name
		ADDED from [MyAndroidNative.libs:SalesforceSDK:unspecified] AndroidManifest.xml:16:22-79
uses-permission-sdk-23
ADDED from [MyAndroidNative.libs:SalesforceSDK:unspecified] AndroidManifest.xml:19:5-81
	android:name
		ADDED from [MyAndroidNative.libs:SalesforceSDK:unspecified] AndroidManifest.xml:19:29-78
meta-data#android.content.APP_RESTRICTIONS
ADDED from [MyAndroidNative.libs:SalesforceSDK:unspecified] AndroidManifest.xml:24:9-26:56
	android:resource
		ADDED from [MyAndroidNative.libs:SalesforceSDK:unspecified] AndroidManifest.xml:26:13-53
	android:name
		ADDED from [MyAndroidNative.libs:SalesforceSDK:unspecified] AndroidManifest.xml:25:13-60
service#com.salesforce.androidsdk.auth.AuthenticatorService
ADDED from [MyAndroidNative.libs:SalesforceSDK:unspecified] AndroidManifest.xml:29:9-39:19
	android:exported
		ADDED from [MyAndroidNative.libs:SalesforceSDK:unspecified] AndroidManifest.xml:31:13-36
	android:name
		ADDED from [MyAndroidNative.libs:SalesforceSDK:unspecified] AndroidManifest.xml:30:13-79
intent-filter#android.accounts.AccountAuthenticator
ADDED from [MyAndroidNative.libs:SalesforceSDK:unspecified] AndroidManifest.xml:32:13-34:29
action#android.accounts.AccountAuthenticator
ADDED from [MyAndroidNative.libs:SalesforceSDK:unspecified] AndroidManifest.xml:33:17-80
	android:name
		ADDED from [MyAndroidNative.libs:SalesforceSDK:unspecified] AndroidManifest.xml:33:25-77
meta-data#android.accounts.AccountAuthenticator
ADDED from [MyAndroidNative.libs:SalesforceSDK:unspecified] AndroidManifest.xml:36:13-38:57
	android:resource
		ADDED from [MyAndroidNative.libs:SalesforceSDK:unspecified] AndroidManifest.xml:38:17-54
	android:name
		ADDED from [MyAndroidNative.libs:SalesforceSDK:unspecified] AndroidManifest.xml:37:17-69
activity#com.salesforce.androidsdk.ui.LoginActivity
ADDED from [MyAndroidNative.libs:SalesforceSDK:unspecified] AndroidManifest.xml:42:9-44:67
	android:theme
		ADDED from [MyAndroidNative.libs:SalesforceSDK:unspecified] AndroidManifest.xml:44:13-64
	android:name
		ADDED from [MyAndroidNative.libs:SalesforceSDK:unspecified] AndroidManifest.xml:43:13-70
activity#com.salesforce.androidsdk.ui.PasscodeActivity
ADDED from [MyAndroidNative.libs:SalesforceSDK:unspecified] AndroidManifest.xml:47:9-50:67
	android:exported
		ADDED from [MyAndroidNative.libs:SalesforceSDK:unspecified] AndroidManifest.xml:49:13-37
	android:theme
		ADDED from [MyAndroidNative.libs:SalesforceSDK:unspecified] AndroidManifest.xml:50:13-64
	android:name
		ADDED from [MyAndroidNative.libs:SalesforceSDK:unspecified] AndroidManifest.xml:48:13-73
activity#com.salesforce.androidsdk.ui.ManageSpaceActivity
ADDED from [MyAndroidNative.libs:SalesforceSDK:unspecified] AndroidManifest.xml:53:9-56:67
	android:excludeFromRecents
		ADDED from [MyAndroidNative.libs:SalesforceSDK:unspecified] AndroidManifest.xml:55:13-46
	android:theme
		ADDED from [MyAndroidNative.libs:SalesforceSDK:unspecified] AndroidManifest.xml:56:13-64
	android:name
		ADDED from [MyAndroidNative.libs:SalesforceSDK:unspecified] AndroidManifest.xml:54:13-76
activity#com.salesforce.androidsdk.ui.ServerPickerActivity
ADDED from [MyAndroidNative.libs:SalesforceSDK:unspecified] AndroidManifest.xml:59:9-62:67
	android:excludeFromRecents
		ADDED from [MyAndroidNative.libs:SalesforceSDK:unspecified] AndroidManifest.xml:61:13-46
	android:theme
		ADDED from [MyAndroidNative.libs:SalesforceSDK:unspecified] AndroidManifest.xml:62:13-64
	android:name
		ADDED from [MyAndroidNative.libs:SalesforceSDK:unspecified] AndroidManifest.xml:60:13-77
activity#com.salesforce.androidsdk.ui.AccountSwitcherActivity
ADDED from [MyAndroidNative.libs:SalesforceSDK:unspecified] AndroidManifest.xml:65:9-68:67
	android:excludeFromRecents
		ADDED from [MyAndroidNative.libs:SalesforceSDK:unspecified] AndroidManifest.xml:67:13-46
	android:theme
		ADDED from [MyAndroidNative.libs:SalesforceSDK:unspecified] AndroidManifest.xml:68:13-64
	android:name
		ADDED from [MyAndroidNative.libs:SalesforceSDK:unspecified] AndroidManifest.xml:66:13-80
receiver#com.google.android.gms.gcm.GcmReceiver
ADDED from [MyAndroidNative.libs:SalesforceSDK:unspecified] AndroidManifest.xml:75:9-84:20
	android:exported
		ADDED from [MyAndroidNative.libs:SalesforceSDK:unspecified] AndroidManifest.xml:77:13-36
	android:permission
		ADDED from [MyAndroidNative.libs:SalesforceSDK:unspecified] AndroidManifest.xml:78:13-73
	android:name
		ADDED from [MyAndroidNative.libs:SalesforceSDK:unspecified] AndroidManifest.xml:76:13-66
intent-filter#${applicationId}+com.google.android.c2dm.intent.RECEIVE
ADDED from [MyAndroidNative.libs:SalesforceSDK:unspecified] AndroidManifest.xml:79:13-83:29
action#com.google.android.c2dm.intent.RECEIVE
ADDED from [MyAndroidNative.libs:SalesforceSDK:unspecified] AndroidManifest.xml:80:17-81
	android:name
		ADDED from [MyAndroidNative.libs:SalesforceSDK:unspecified] AndroidManifest.xml:80:25-78
category#${applicationId}
ADDED from [MyAndroidNative.libs:SalesforceSDK:unspecified] AndroidManifest.xml:82:17-61
	android:name
		ADDED from [MyAndroidNative.libs:SalesforceSDK:unspecified] AndroidManifest.xml:82:27-58
		INJECTED from MyAndroidNative/app/AndroidManifest.xml
service#com.salesforce.androidsdk.push.SFDCGcmListenerService
ADDED from [MyAndroidNative.libs:SalesforceSDK:unspecified] AndroidManifest.xml:86:9-92:19
	android:exported
		ADDED from [MyAndroidNative.libs:SalesforceSDK:unspecified] AndroidManifest.xml:88:13-37
	android:name
		ADDED from [MyAndroidNative.libs:SalesforceSDK:unspecified] AndroidManifest.xml:87:13-81
intent-filter#com.google.android.c2dm.intent.RECEIVE
ADDED from [MyAndroidNative.libs:SalesforceSDK:unspecified] AndroidManifest.xml:89:13-91:29
service#com.salesforce.androidsdk.push.SFDCInstanceIDListenerService
ADDED from [MyAndroidNative.libs:SalesforceSDK:unspecified] AndroidManifest.xml:93:9-99:19
	android:exported
		ADDED from [MyAndroidNative.libs:SalesforceSDK:unspecified] AndroidManifest.xml:95:13-37
	android:name
		ADDED from [MyAndroidNative.libs:SalesforceSDK:unspecified] AndroidManifest.xml:94:13-88
intent-filter#com.google.android.gms.iid.InstanceID
ADDED from [MyAndroidNative.libs:SalesforceSDK:unspecified] AndroidManifest.xml:96:13-98:29
action#com.google.android.gms.iid.InstanceID
ADDED from [MyAndroidNative.libs:SalesforceSDK:unspecified] AndroidManifest.xml:97:17-80
	android:name
		ADDED from [MyAndroidNative.libs:SalesforceSDK:unspecified] AndroidManifest.xml:97:25-77
service#com.salesforce.androidsdk.push.SFDCRegistrationIntentService
ADDED from [MyAndroidNative.libs:SalesforceSDK:unspecified] AndroidManifest.xml:100:9-103:19
	android:exported
		ADDED from [MyAndroidNative.libs:SalesforceSDK:unspecified] AndroidManifest.xml:102:13-37
	android:name
		ADDED from [MyAndroidNative.libs:SalesforceSDK:unspecified] AndroidManifest.xml:101:13-88
receiver#com.salesforce.androidsdk.push.PushService$SFDCRegistrationRetryAlarmReceiver
ADDED from [MyAndroidNative.libs:SalesforceSDK:unspecified] AndroidManifest.xml:105:9-107:40
	android:exported
		ADDED from [MyAndroidNative.libs:SalesforceSDK:unspecified] AndroidManifest.xml:107:13-37
	android:name
		ADDED from [MyAndroidNative.libs:SalesforceSDK:unspecified] AndroidManifest.xml:106:13-105
service#com.salesforce.androidsdk.push.PushService
ADDED from [MyAndroidNative.libs:SalesforceSDK:unspecified] AndroidManifest.xml:109:9-111:40
	android:exported
		ADDED from [MyAndroidNative.libs:SalesforceSDK:unspecified] AndroidManifest.xml:111:13-37
	android:name
		ADDED from [MyAndroidNative.libs:SalesforceSDK:unspecified] AndroidManifest.xml:110:13-70
service#com.salesforce.androidsdk.analytics.AnalyticsPublisherService
ADDED from [MyAndroidNative.libs:SalesforceSDK:unspecified] AndroidManifest.xml:112:9-114:40
	android:exported
		ADDED from [MyAndroidNative.libs:SalesforceSDK:unspecified] AndroidManifest.xml:114:13-37
	android:name
		ADDED from [MyAndroidNative.libs:SalesforceSDK:unspecified] AndroidManifest.xml:113:13-89
uses-permission#android.permission.ACCESS_NETWORK_STATE
ADDED from [MyAndroidNative.libs:SalesforceAnalytics:unspecified] AndroidManifest.xml:12:5-79
	android:name
		ADDED from [MyAndroidNative.libs:SalesforceAnalytics:unspecified] AndroidManifest.xml:12:22-76
activity#com.google.android.gms.common.api.GoogleApiActivity
ADDED from [com.google.android.gms:play-services-base:10.2.0] AndroidManifest.xml:19:9-172
	android:exported
		ADDED from [com.google.android.gms:play-services-base:10.2.0] AndroidManifest.xml:19:146-170
	android:theme
		ADDED from [com.google.android.gms:play-services-base:10.2.0] AndroidManifest.xml:19:86-145
	android:name
		ADDED from [com.google.android.gms:play-services-base:10.2.0] AndroidManifest.xml:19:19-85
meta-data#com.google.android.gms.version
ADDED from [com.google.android.gms:play-services-basement:10.2.0] AndroidManifest.xml:20:9-121
	android:value
		ADDED from [com.google.android.gms:play-services-basement:10.2.0] AndroidManifest.xml:20:66-119
	android:name
		ADDED from [com.google.android.gms:play-services-basement:10.2.0] AndroidManifest.xml:20:20-65